{
  "stats": {
    "suites": 1,
    "tests": 4,
    "passes": 4,
    "pending": 0,
    "failures": 0,
    "start": "2025-01-27T22:25:27.957Z",
    "end": "2025-01-27T22:25:45.600Z",
    "duration": 17643,
    "testsRegistered": 4,
    "passPercent": 100,
    "pendingPercent": 0,
    "other": 0,
    "hasOther": false,
    "skipped": 0,
    "hasSkipped": false
  },
  "results": [
    {
      "uuid": "e38e8849-3fe2-4233-a37b-7ec83779cf65",
      "title": "",
      "fullFile": "cypress/e2e/basket.cy.js",
      "file": "cypress/e2e/basket.cy.js",
      "beforeHooks": [],
      "afterHooks": [],
      "tests": [],
      "suites": [
        {
          "uuid": "aab825c9-429b-476d-9ece-1dd3723db775",
          "title": "Basket features",
          "fullFile": "",
          "file": "",
          "beforeHooks": [],
          "afterHooks": [],
          "tests": [
            {
              "title": "A sweet should be added to the basket",
              "fullTitle": "Basket features A sweet should be added to the basket",
              "timedOut": null,
              "duration": 1755,
              "state": "passed",
              "speed": "fast",
              "pass": true,
              "fail": false,
              "pending": false,
              "context": null,
              "code": "cy.addItemToBasket();\ncy.get('.badge').should(\"contain\", 1);",
              "err": {},
              "uuid": "69c94d92-80f8-4b34-ab64-ef9a8ed9ecdd",
              "parentUUID": "aab825c9-429b-476d-9ece-1dd3723db775",
              "isHook": false,
              "skipped": false
            },
            {
              "title": "A sweet should be added to the basket and then deleted from it",
              "fullTitle": "Basket features A sweet should be added to the basket and then deleted from it",
              "timedOut": null,
              "duration": 5402,
              "state": "passed",
              "speed": "medium",
              "pass": true,
              "fail": false,
              "pending": false,
              "context": null,
              "code": "cy.addItemToBasket();\ncy.get('.badge').should(\"contain\", 1);\ncy.get(_locators.default.basket_button_nav).click();\ncy.get('#basketCount').should('contain', '1');\ncy.get('.small').click();\ncy.get('#basketCount').should('contain', '0');",
              "err": {},
              "uuid": "1395f737-223e-4a77-81c0-d3ab7698e4c0",
              "parentUUID": "aab825c9-429b-476d-9ece-1dd3723db775",
              "isHook": false,
              "skipped": false
            },
            {
              "title": "A sweet should be purchased successfuly",
              "fullTitle": "Basket features A sweet should be purchased successfuly",
              "timedOut": null,
              "duration": 5933,
              "state": "passed",
              "speed": "medium",
              "pass": true,
              "fail": false,
              "pending": false,
              "context": null,
              "code": "cy.addItemToBasket();\ncy.get('.badge').should(\"contain\", 1);\ncy.get(_locators.default.basket_button_nav).click();\ncy.get(_locators.default.first_name).type(data.first_name);\ncy.get(_locators.default.last_name).type(data.last_name);\ncy.get('#email').type(data.email);\ncy.get('#address').type(data.adress);\ncy.get('#country').select(data.country);\ncy.get('#city').select(data.city);\ncy.get('#zip').type(data.zip);\ncy.get('#cc-name').type(data.cc_name);\ncy.get('#cc-number').type(data.cc_number);\ncy.get('#cc-expiration').type(data.cc_expiration);\ncy.get('#cc-cvv').type(data.cc_cvv);\ncy.get(_locators.default.checkout_button).click();",
              "err": {},
              "uuid": "d03e9678-5b70-4993-ad84-a356e70c82c0",
              "parentUUID": "aab825c9-429b-476d-9ece-1dd3723db775",
              "isHook": false,
              "skipped": false
            },
            {
              "title": "Click on checkout without informing all the necessary inputs results in a warning to the user",
              "fullTitle": "Basket features Click on checkout without informing all the necessary inputs results in a warning to the user",
              "timedOut": null,
              "duration": 897,
              "state": "passed",
              "speed": "fast",
              "pass": true,
              "fail": false,
              "pending": false,
              "context": null,
              "code": "const validation = [{\n  selector: \":nth-child(1) > :nth-child(1) > .invalid-feedback\",\n  message: \"Valid first name is required\"\n}, {\n  selector: \":nth-child(1) > :nth-child(2) > .invalid-feedback\",\n  message: \"Valid last name is required\"\n}, {\n  selector: \".needs-validation > :nth-child(2) > .invalid-feedback\",\n  message: \"Please enter a valid email address for shipping updates\"\n}, {\n  selector: \".needs-validation > :nth-child(3) > .invalid-feedback\",\n  message: \"Please enter your shipping address\"\n}, {\n  selector: \".col-md-5 > .invalid-feedback\",\n  message: \"Please select a valid country\"\n}, {\n  selector: \".col-md-4 > .invalid-feedback\",\n  message: \"Please provide a valid state\"\n}, {\n  selector: \":nth-child(5) > .col-md-3 > .invalid-feedback\",\n  message: \"Zip code required\"\n}, {\n  selector: \":nth-child(8) > :nth-child(1) > .invalid-feedback\",\n  message: \"Name on card is required\"\n}, {\n  selector: \":nth-child(8) > :nth-child(2)\",\n  message: \"Credit card number is required\"\n}, {\n  selector: \":nth-child(9) > :nth-child(1)\",\n  message: \"Expiration date required\"\n}, {\n  selector: \":nth-child(9) > :nth-child(2)\",\n  message: \"Security code required\"\n}];\ncy.addItemToBasket();\ncy.get('.badge').should(\"contain\", 1);\ncy.get(_locators.default.basket_button_nav).click();\ncy.get(_locators.default.checkout_button).click();\nvalidation.forEach(element => {\n  cy.get(element.selector).should('contain', element.message);\n});",
              "err": {},
              "uuid": "15bb34f0-8439-40d9-93ea-d6b5bb112753",
              "parentUUID": "aab825c9-429b-476d-9ece-1dd3723db775",
              "isHook": false,
              "skipped": false
            }
          ],
          "suites": [],
          "passes": [
            "69c94d92-80f8-4b34-ab64-ef9a8ed9ecdd",
            "1395f737-223e-4a77-81c0-d3ab7698e4c0",
            "d03e9678-5b70-4993-ad84-a356e70c82c0",
            "15bb34f0-8439-40d9-93ea-d6b5bb112753"
          ],
          "failures": [],
          "pending": [],
          "skipped": [],
          "duration": 13987,
          "root": false,
          "rootEmpty": false,
          "_timeout": 2000
        }
      ],
      "passes": [],
      "failures": [],
      "pending": [],
      "skipped": [],
      "duration": 0,
      "root": true,
      "rootEmpty": true,
      "_timeout": 2000
    }
  ],
  "meta": {
    "mocha": {
      "version": "7.0.1"
    },
    "mochawesome": {
      "options": {
        "quiet": false,
        "reportFilename": "mochawesome",
        "saveHtml": true,
        "saveJson": true,
        "consoleReporter": "spec",
        "useInlineDiffs": false,
        "code": true
      },
      "version": "7.1.3"
    },
    "marge": {
      "options": {
        "id": "default",
        "reportDir": "./cypress/reports",
        "overwrite": false,
        "html": true,
        "json": true,
        "screenshotsFolder": "./cypress/screenshots",
        "embeddedScreenshots": true
      },
      "version": "6.2.0"
    }
  }
}