{
  "stats": {
    "suites": 1,
    "tests": 4,
    "passes": 4,
    "pending": 0,
    "failures": 0,
    "start": "2025-01-27T22:21:27.253Z",
    "end": "2025-01-27T22:21:37.415Z",
    "duration": 10162,
    "testsRegistered": 4,
    "passPercent": 100,
    "pendingPercent": 0,
    "other": 0,
    "hasOther": false,
    "skipped": 0,
    "hasSkipped": false
  },
  "results": [
    {
      "uuid": "3fbf6805-0c20-4e0f-a7d9-ee1762c7df7a",
      "title": "",
      "fullFile": "cypress/e2e/basket.cy.js",
      "file": "cypress/e2e/basket.cy.js",
      "beforeHooks": [],
      "afterHooks": [],
      "tests": [],
      "suites": [
        {
          "uuid": "6ce7e0e4-a7a6-4659-9682-fcbc1174aa31",
          "title": "Basket features",
          "fullFile": "",
          "file": "",
          "beforeHooks": [],
          "afterHooks": [],
          "tests": [
            {
              "title": "A sweet should be added to the basket",
              "fullTitle": "Basket features A sweet should be added to the basket",
              "timedOut": null,
              "duration": 2183,
              "state": "passed",
              "speed": "fast",
              "pass": true,
              "fail": false,
              "pending": false,
              "context": null,
              "code": "cy.addItemToBasket();\ncy.get('.badge').should(\"contain\", 1);",
              "err": {},
              "uuid": "ecda1453-2f8e-4343-b68e-a4482eff7ded",
              "parentUUID": "6ce7e0e4-a7a6-4659-9682-fcbc1174aa31",
              "isHook": false,
              "skipped": false
            },
            {
              "title": "A sweet should be added to the basket and then deleted from it",
              "fullTitle": "Basket features A sweet should be added to the basket and then deleted from it",
              "timedOut": null,
              "duration": 657,
              "state": "passed",
              "speed": "fast",
              "pass": true,
              "fail": false,
              "pending": false,
              "context": null,
              "code": "cy.addItemToBasket();\ncy.get('.badge').should(\"contain\", 1);\ncy.get(_locators.default.basket_button_nav).click();\ncy.get('#basketCount').should('contain', '1');\ncy.get('.small').click();\ncy.get('#basketCount').should('contain', '0');",
              "err": {},
              "uuid": "1249e772-df9c-4b31-a438-65bda3f7d75c",
              "parentUUID": "6ce7e0e4-a7a6-4659-9682-fcbc1174aa31",
              "isHook": false,
              "skipped": false
            },
            {
              "title": "A sweet should be purchased successfuly",
              "fullTitle": "Basket features A sweet should be purchased successfuly",
              "timedOut": null,
              "duration": 4629,
              "state": "passed",
              "speed": "fast",
              "pass": true,
              "fail": false,
              "pending": false,
              "context": null,
              "code": "cy.addItemToBasket();\ncy.get('.badge').should(\"contain\", 1);\ncy.get(_locators.default.basket_button_nav).click();\ncy.get(_locators.default.first_name).type(data.first_name);\ncy.get(_locators.default.last_name).type(data.last_name);\ncy.get('#email').type(data.email);\ncy.get('#address').type(data.adress);\ncy.get('#country').select(data.country);\ncy.get('#city').select(data.city);\ncy.get('#zip').type(data.zip);\ncy.get('#cc-name').type(data.cc_name);\ncy.get('#cc-number').type(data.cc_number);\ncy.get('#cc-expiration').type(data.cc_expiration);\ncy.get('#cc-cvv').type(data.cc_cvv);\ncy.get(_locators.default.checkout_button).click();",
              "err": {},
              "uuid": "b1ecd2ac-62f0-49a7-b1d9-7e5a49244c55",
              "parentUUID": "6ce7e0e4-a7a6-4659-9682-fcbc1174aa31",
              "isHook": false,
              "skipped": false
            },
            {
              "title": "Click on checkout without informing all the necessary inputs results in a warning to the user",
              "fullTitle": "Basket features Click on checkout without informing all the necessary inputs results in a warning to the user",
              "timedOut": null,
              "duration": 765,
              "state": "passed",
              "speed": "fast",
              "pass": true,
              "fail": false,
              "pending": false,
              "context": null,
              "code": "const validation = [{\n  selector: \":nth-child(1) > :nth-child(1) > .invalid-feedback\",\n  message: \"Valid first name is required\"\n}, {\n  selector: \":nth-child(1) > :nth-child(2) > .invalid-feedback\",\n  message: \"Valid last name is required\"\n}, {\n  selector: \".needs-validation > :nth-child(2) > .invalid-feedback\",\n  message: \"Please enter a valid email address for shipping updates\"\n}, {\n  selector: \".needs-validation > :nth-child(3) > .invalid-feedback\",\n  message: \"Please enter your shipping address\"\n}, {\n  selector: \".col-md-5 > .invalid-feedback\",\n  message: \"Please select a valid country\"\n}, {\n  selector: \".col-md-4 > .invalid-feedback\",\n  message: \"Please provide a valid state\"\n}, {\n  selector: \":nth-child(5) > .col-md-3 > .invalid-feedback\",\n  message: \"Zip code required\"\n}, {\n  selector: \":nth-child(8) > :nth-child(1) > .invalid-feedback\",\n  message: \"Name on card is required\"\n}, {\n  selector: \":nth-child(8) > :nth-child(2)\",\n  message: \"Credit card number is required\"\n}, {\n  selector: \":nth-child(9) > :nth-child(1)\",\n  message: \"Expiration date required\"\n}, {\n  selector: \":nth-child(9) > :nth-child(2)\",\n  message: \"Security code required\"\n}];\ncy.addItemToBasket();\ncy.get('.badge').should(\"contain\", 1);\ncy.get(_locators.default.basket_button_nav).click();\ncy.get(_locators.default.checkout_button).click();\nvalidation.forEach(element => {\n  cy.get(element.selector).should('contain', element.message);\n});",
              "err": {},
              "uuid": "10c2fa21-ca1a-404c-b374-4ee5cd7b98d5",
              "parentUUID": "6ce7e0e4-a7a6-4659-9682-fcbc1174aa31",
              "isHook": false,
              "skipped": false
            }
          ],
          "suites": [],
          "passes": [
            "ecda1453-2f8e-4343-b68e-a4482eff7ded",
            "1249e772-df9c-4b31-a438-65bda3f7d75c",
            "b1ecd2ac-62f0-49a7-b1d9-7e5a49244c55",
            "10c2fa21-ca1a-404c-b374-4ee5cd7b98d5"
          ],
          "failures": [],
          "pending": [],
          "skipped": [],
          "duration": 8234,
          "root": false,
          "rootEmpty": false,
          "_timeout": 2000
        }
      ],
      "passes": [],
      "failures": [],
      "pending": [],
      "skipped": [],
      "duration": 0,
      "root": true,
      "rootEmpty": true,
      "_timeout": 2000
    }
  ],
  "meta": {
    "mocha": {
      "version": "7.0.1"
    },
    "mochawesome": {
      "options": {
        "quiet": false,
        "reportFilename": "mochawesome",
        "saveHtml": true,
        "saveJson": true,
        "consoleReporter": "spec",
        "useInlineDiffs": false,
        "code": true
      },
      "version": "7.1.3"
    },
    "marge": {
      "options": {
        "id": "default",
        "reportDir": "./cypress/reports",
        "overwrite": false,
        "html": true,
        "json": true,
        "screenshotsFolder": "./cypress/screenshots",
        "embeddedScreenshots": true
      },
      "version": "6.2.0"
    }
  }
}