{
  "stats": {
    "suites": 2,
    "tests": 5,
    "passes": 4,
    "pending": 0,
    "failures": 1,
    "start": "2025-01-27T22:25:47.537Z",
    "end": "2025-01-27T22:26:07.002Z",
    "duration": 19465,
    "testsRegistered": 5,
    "passPercent": 80,
    "pendingPercent": 0,
    "other": 0,
    "hasOther": false,
    "skipped": 0,
    "hasSkipped": false
  },
  "results": [
    {
      "uuid": "77ce8e4a-c009-4147-8399-67e300df7a44",
      "title": "",
      "fullFile": "cypress/e2e/login.cy.js",
      "file": "cypress/e2e/login.cy.js",
      "beforeHooks": [],
      "afterHooks": [],
      "tests": [],
      "suites": [
        {
          "uuid": "53a9405c-5754-4225-bdda-19ebbb5254d2",
          "title": "Login page",
          "fullFile": "",
          "file": "",
          "beforeHooks": [],
          "afterHooks": [],
          "tests": [
            {
              "title": "After the login is completed, the user should be redirected to the \"Your account\" page",
              "fullTitle": "Login page After the login is completed, the user should be redirected to the \"Your account\" page",
              "timedOut": null,
              "duration": 3637,
              "state": "passed",
              "speed": "fast",
              "pass": true,
              "fail": false,
              "pending": false,
              "context": null,
              "code": "cy.visit('https://sweetshop.netlify.app/');\ncy.login(data.email, data.password);\ncy.get('.display-3').should('contain', 'Your Account');",
              "err": {},
              "uuid": "48de7aab-d5c4-4325-a843-70f331f0cce6",
              "parentUUID": "53a9405c-5754-4225-bdda-19ebbb5254d2",
              "isHook": false,
              "skipped": false
            }
          ],
          "suites": [
            {
              "uuid": "89c36ce7-44c0-45b8-964e-dfffda20da1f",
              "title": "Ordering table",
              "fullFile": "",
              "file": "",
              "beforeHooks": [],
              "afterHooks": [],
              "tests": [
                {
                  "title": "The table should be correctly ordenated when clicking on Order number",
                  "fullTitle": "Login page Ordering table The table should be correctly ordenated when clicking on Order number",
                  "timedOut": null,
                  "duration": 4186,
                  "state": "passed",
                  "speed": "fast",
                  "pass": true,
                  "fail": false,
                  "pending": false,
                  "context": null,
                  "code": "cy.visit('https://sweetshop.netlify.app/');\ncy.login(data.email, data.password);\ncy.get('.order-number').click();\ncy.get('tbody > :nth-child(1) > th').should(\"contain\", \"#1\");\ncy.get(':nth-child(2) > th').should(\"contain\", \"#2\");\ncy.get(':nth-child(3) > th').should(\"contain\", \"#3\");\ncy.get('.order-number').click();\ncy.get('tbody > :nth-child(1) > th').should(\"contain\", \"#3\");\ncy.get(':nth-child(2) > th').should(\"contain\", \"#2\");\ncy.get(':nth-child(3) > th').should(\"contain\", \"#1\");",
                  "err": {},
                  "uuid": "77d088e9-ac1e-4e7f-9d18-d3890e272245",
                  "parentUUID": "89c36ce7-44c0-45b8-964e-dfffda20da1f",
                  "isHook": false,
                  "skipped": false
                },
                {
                  "title": "The table should be correctly ordenated when clicking on Date Ordered",
                  "fullTitle": "Login page Ordering table The table should be correctly ordenated when clicking on Date Ordered",
                  "timedOut": null,
                  "duration": 1676,
                  "state": "passed",
                  "speed": "fast",
                  "pass": true,
                  "fail": false,
                  "pending": false,
                  "context": null,
                  "code": "cy.visit('https://sweetshop.netlify.app/');\ncy.login(data.email, data.password);\ncy.get('.order-date').click();\ncy.get('tbody > :nth-child(1) > :nth-child(2)').should(\"contain\", \"1st December 2019\");\ncy.get('tbody > :nth-child(2) > :nth-child(2)').should(\"contain\", \"11th July 2019\");\ncy.get(':nth-child(3) > :nth-child(2)').should('contain', \"11th Feb 2019\");\ncy.get('.order-date').click();\ncy.get('tbody > :nth-child(1) > :nth-child(2)').should('contain', \"11th Feb 2019\");\ncy.get('tbody > :nth-child(2) > :nth-child(2)').should(\"contain\", \"11th July 2019\");\ncy.get(':nth-child(3) > :nth-child(2)').should(\"contain\", \"1st December 2019\");",
                  "err": {},
                  "uuid": "cf3dce92-7526-48ee-809a-a6847e58f324",
                  "parentUUID": "89c36ce7-44c0-45b8-964e-dfffda20da1f",
                  "isHook": false,
                  "skipped": false
                },
                {
                  "title": "The table should be correctly ordenated when clicking on Order description",
                  "fullTitle": "Login page Ordering table The table should be correctly ordenated when clicking on Order description",
                  "timedOut": null,
                  "duration": 1786,
                  "state": "failed",
                  "speed": null,
                  "pass": false,
                  "fail": true,
                  "pending": false,
                  "context": null,
                  "code": "cy.visit('https://sweetshop.netlify.app/');\ncy.login(data.email, data.password);\ncy.get('.order-description').click();\ncy.get('tbody > :nthchild(1) > :nth-child(3)').should('contain', \"Sherbert Straws x 1\");\ncy.get('tbody > :nth-child(2) > :nth-child(3)').should('contain', 'Swansea Mixture x 1');\ncy.get(':nth-child(3) > :nth-child(3)').should('contain', \"Chocolate Cups x 5\");\ncy.get(':nth-child(3) > :nth-child(3)').should('contain', \"Swansea Mixture x 2\");",
                  "err": {
                    "message": "Error: Syntax error, unrecognized expression: unsupported pseudo: nthchild",
                    "estack": "Error: Syntax error, unrecognized expression: unsupported pseudo: nthchild\n    at find.error (https://sweetshop.netlify.app/__cypress/runner/cypress_runner.js:8298:8)\n    at PSEUDO (https://sweetshop.netlify.app/__cypress/runner/cypress_runner.js:8632:11)\n    at matcherFromTokens (https://sweetshop.netlify.app/__cypress/runner/cypress_runner.js:9220:46)\n    at compile (https://sweetshop.netlify.app/__cypress/runner/cypress_runner.js:9393:13)\n    at select (https://sweetshop.netlify.app/__cypress/runner/cypress_runner.js:9485:16)\n    at Function.find (https://sweetshop.netlify.app/__cypress/runner/cypress_runner.js:7734:9)\n    at jQuery.fn.init.find (https://sweetshop.netlify.app/__cypress/runner/cypress_runner.js:9633:11)\n    at new jQuery.fn.init (https://sweetshop.netlify.app/__cypress/runner/cypress_runner.js:9748:40)\n    at Object.query (https://sweetshop.netlify.app/__cypress/runner/cypress_runner.js:17940:10)\n    at $Cy.$$ (https://sweetshop.netlify.app/__cypress/runner/cypress_runner.js:139155:57)\n    at <unknown> (https://sweetshop.netlify.app/__cypress/runner/cypress_runner.js:131087:18)\n    at Object.subjectFn (https://sweetshop.netlify.app/__cypress/runner/cypress_runner.js:142971:16)\n    at $Cy.verifyUpcomingAssertions (https://sweetshop.netlify.app/__cypress/runner/cypress_runner.js:142310:31)\n    at onRetry (https://sweetshop.netlify.app/__cypress/runner/cypress_runner.js:142962:15)\n    at retryQuery (https://sweetshop.netlify.app/__cypress/runner/cypress_runner.js:142975:10)\n    at <unknown> (https://sweetshop.netlify.app/__cypress/runner/cypress_runner.js:143128:17)\n    at tryCatcher (https://sweetshop.netlify.app/__cypress/runner/cypress_runner.js:1777:23)\n    at Promise._settlePromiseFromHandler (https://sweetshop.netlify.app/__cypress/runner/cypress_runner.js:1489:31)\n    at Promise._settlePromise (https://sweetshop.netlify.app/__cypress/runner/cypress_runner.js:1546:18)\n    at Promise._settlePromiseCtx (https://sweetshop.netlify.app/__cypress/runner/cypress_runner.js:1583:10)\n    at _drainQueueStep (https://sweetshop.netlify.app/__cypress/runner/cypress_runner.js:2381:12)\n    at _drainQueue (https://sweetshop.netlify.app/__cypress/runner/cypress_runner.js:2370:9)",
                    "diff": null
                  },
                  "uuid": "9ecf87ee-645c-428c-b18c-fd6ec98a0103",
                  "parentUUID": "89c36ce7-44c0-45b8-964e-dfffda20da1f",
                  "isHook": false,
                  "skipped": false
                },
                {
                  "title": "The table should be correctly ordenated when clicking on Order Total",
                  "fullTitle": "Login page Ordering table The table should be correctly ordenated when clicking on Order Total",
                  "timedOut": null,
                  "duration": 6052,
                  "state": "passed",
                  "speed": "medium",
                  "pass": true,
                  "fail": false,
                  "pending": false,
                  "context": null,
                  "code": "cy.visit('https://sweetshop.netlify.app/');\ncy.login(data.email, data.password);\ncy.get('.order-total').click();\ncy.get('tbody > :nth-child(1) > :nth-child(4)').should('contain', \"8.00\");\ncy.get('tbody > :nth-child(2) > :nth-child(4)').should('contain', \"1.50\");\ncy.get(':nth-child(3) > :nth-child(4)').should('contain', \"0.75\");\ncy.get('.order-total').click();\ncy.get('tbody > :nth-child(1) > :nth-child(4)').should('contain', \"0.75\");\ncy.get('tbody > :nth-child(2) > :nth-child(4)').should('contain', \"1.50\");\ncy.get(':nth-child(3) > :nth-child(4)').should('contain', \"8.00\");",
                  "err": {},
                  "uuid": "f45a3144-3bfd-4c18-93a8-35ae30b0e93c",
                  "parentUUID": "89c36ce7-44c0-45b8-964e-dfffda20da1f",
                  "isHook": false,
                  "skipped": false
                }
              ],
              "suites": [],
              "passes": [
                "77d088e9-ac1e-4e7f-9d18-d3890e272245",
                "cf3dce92-7526-48ee-809a-a6847e58f324",
                "f45a3144-3bfd-4c18-93a8-35ae30b0e93c"
              ],
              "failures": [
                "9ecf87ee-645c-428c-b18c-fd6ec98a0103"
              ],
              "pending": [],
              "skipped": [],
              "duration": 13700,
              "root": false,
              "rootEmpty": false,
              "_timeout": 2000
            }
          ],
          "passes": [
            "48de7aab-d5c4-4325-a843-70f331f0cce6"
          ],
          "failures": [],
          "pending": [],
          "skipped": [],
          "duration": 3637,
          "root": false,
          "rootEmpty": false,
          "_timeout": 2000
        }
      ],
      "passes": [],
      "failures": [],
      "pending": [],
      "skipped": [],
      "duration": 0,
      "root": true,
      "rootEmpty": true,
      "_timeout": 2000
    }
  ],
  "meta": {
    "mocha": {
      "version": "7.0.1"
    },
    "mochawesome": {
      "options": {
        "quiet": false,
        "reportFilename": "mochawesome",
        "saveHtml": true,
        "saveJson": true,
        "consoleReporter": "spec",
        "useInlineDiffs": false,
        "code": true
      },
      "version": "7.1.3"
    },
    "marge": {
      "options": {
        "id": "default",
        "reportDir": "./cypress/reports",
        "overwrite": false,
        "html": true,
        "json": true,
        "screenshotsFolder": "./cypress/screenshots",
        "embeddedScreenshots": true
      },
      "version": "6.2.0"
    }
  }
}